<?xml version="1.0" encoding="UTF-8"?>
<!-- Generated by org.testng.reporters.JUnitXMLReporter -->
<testsuite ignored="0" hostname="deepak-Inspiron-N5110" failures="3" tests="3" name="Count Flight with different Filters" time="0.024" errors="0" timestamp="26 May 2019 05:06:22 GMT">
  <testcase classname="qa.TestCases.FlightCounts" name="NoFilterFlightCounts" time="0.002">
    <failure type="java.lang.NullPointerException">
      <![CDATA[java.lang.NullPointerException
at qa.TestCases.FlightCounts.NoFilterFlightCounts(FlightCounts.java:21)
... Removed 25 stack frames]]>
    </failure>
  </testcase> <!-- NoFilterFlightCounts -->
  <testcase classname="qa.TestCases.FlightCounts" name="NoStopsFlightCount" time="0.003">
    <failure type="java.lang.NullPointerException">
      <![CDATA[java.lang.NullPointerException
at qa.TestCases.FlightCounts.NoStopsFlightCount(FlightCounts.java:34)
... Removed 25 stack frames]]>
    </failure>
  </testcase> <!-- NoStopsFlightCount -->
  <testcase classname="qa.TestCases.FlightCounts" name="OnStopFlightCount" time="0.003">
    <failure type="java.lang.NullPointerException">
      <![CDATA[java.lang.NullPointerException
at qa.TestCases.FlightCounts.OnStopFlightCount(FlightCounts.java:44)
... Removed 25 stack frames]]>
    </failure>
  </testcase> <!-- OnStopFlightCount -->
</testsuite> <!-- Count Flight with different Filters -->
